0 info it worked if it ends with ok
1 verbose cli [ 'D:\\Programs\\NodeJS\\node.exe',
1 verbose cli   'D:\\Programs\\NodeJS\\node_modules\\npm\\bin\\npm-cli.js',
1 verbose cli   'run',
1 verbose cli   'dev' ]
2 info using npm@3.10.10
3 info using node@v6.11.3
4 verbose run-script [ 'predev', 'dev', 'postdev' ]
5 info lifecycle test-proj@1.0.0~predev: test-proj@1.0.0
6 silly lifecycle test-proj@1.0.0~predev: no script for predev, continuing
7 info lifecycle test-proj@1.0.0~dev: test-proj@1.0.0
8 verbose lifecycle test-proj@1.0.0~dev: unsafe-perm in lifecycle true
9 verbose lifecycle test-proj@1.0.0~dev: PATH: D:\Programs\NodeJS\node_modules\npm\bin\node-gyp-bin;D:\Games\OpenServer\domains\react.app\node_modules\.bin;C:\ProgramData\Oracle\Java\javapath;C:\Windows\system32;C:\Windows;C:\Windows\System32\Wbem;C:\Windows\System32\WindowsPowerShell\v1.0\;D:\Games\xampp\php;C:\ProgramData\ComposerSetup\bin;D:\Programs\Liquid Technologies\Liquid XML Studio 2011\XmlDataBinder9\Redist9\cpp\win32\bin;D:\Programs\NodeJS\;D:\Programs\Git\Git\cmd;C:\Users\Павел Борисович\AppData\Roaming\Composer\vendor\bin;C:\Users\Павел Борисович\AppData\Roaming\npm
10 verbose lifecycle test-proj@1.0.0~dev: CWD: D:\Games\OpenServer\domains\react.app
11 silly lifecycle test-proj@1.0.0~dev: Args: [ '/d /s /c', 'SET NODE_ENV=development && npm run start' ]
12 silly lifecycle test-proj@1.0.0~dev: Returned: code: 3221225786  signal: null
13 info lifecycle test-proj@1.0.0~dev: Failed to exec dev script
14 verbose stack Error: test-proj@1.0.0 dev: `SET NODE_ENV=development && npm run start`
14 verbose stack Exit status 3221225786
14 verbose stack     at EventEmitter.<anonymous> (D:\Programs\NodeJS\node_modules\npm\lib\utils\lifecycle.js:255:16)
14 verbose stack     at emitTwo (events.js:106:13)
14 verbose stack     at EventEmitter.emit (events.js:191:7)
14 verbose stack     at ChildProcess.<anonymous> (D:\Programs\NodeJS\node_modules\npm\lib\utils\spawn.js:40:14)
14 verbose stack     at emitTwo (events.js:106:13)
14 verbose stack     at ChildProcess.emit (events.js:191:7)
14 verbose stack     at maybeClose (internal/child_process.js:920:16)
14 verbose stack     at Process.ChildProcess._handle.onexit (internal/child_process.js:230:5)
15 verbose pkgid test-proj@1.0.0
16 verbose cwd D:\Games\OpenServer\domains\react.app
17 error Windows_NT 6.1.7601
18 error argv "D:\\Programs\\NodeJS\\node.exe" "D:\\Programs\\NodeJS\\node_modules\\npm\\bin\\npm-cli.js" "run" "dev"
19 error node v6.11.3
20 error npm  v3.10.10
21 error code ELIFECYCLE
22 error test-proj@1.0.0 dev: `SET NODE_ENV=development && npm run start`
22 error Exit status 3221225786
23 error Failed at the test-proj@1.0.0 dev script 'SET NODE_ENV=development && npm run start'.
23 error Make sure you have the latest version of node.js and npm installed.
23 error If you do, this is most likely a problem with the test-proj package,
23 error not with npm itself.
23 error Tell the author that this fails on your system:
23 error     SET NODE_ENV=development && npm run start
23 error You can get information on how to open an issue for this project with:
23 error     npm bugs test-proj
23 error Or if that isn't available, you can get their info via:
23 error     npm owner ls test-proj
23 error There is likely additional logging output above.
24 verbose exit [ 1, true ]
